<?xml version="1.0" encoding="UTF-8"?>
<!-- Generated by org.testng.reporters.JUnitReportReporter -->
<testsuite hostname="IN-5CG016FPPX" failures="0" tests="1" name="JavaInheritence.Parent" time="0.009" errors="0" timestamp="2023-10-23T10:35:50 IST" skipped="0">
  <testcase classname="JavaInheritence.Parent" name="dothis" time="0.009"/>
  <system-out/>
</testsuite> <!-- JavaInheritence.Parent -->
