<?xml version="1.0" encoding="UTF-8"?>
<!-- Generated by org.testng.reporters.JUnitReportReporter -->
<testsuite hostname="IN-5CG016FPPX" failures="0" tests="1" name="Test.day1" time="0.011" errors="0" timestamp="2023-10-22T14:04:58 IST" skipped="0">
  <testcase classname="Test.day1" name="PersonalLoan" time="0.011"/>
  <system-out/>
</testsuite> <!-- Test.day1 -->
