<?xml version="1.0" encoding="UTF-8"?>
<!-- Generated by org.testng.reporters.JUnitReportReporter -->
<testsuite hostname="IN-5CG016FPPX" failures="0" tests="1" name="JavaInheritence.child" time="0.019" errors="0" timestamp="2023-10-23T11:48:59 IST" skipped="0">
  <testcase classname="JavaInheritence.child" name="java" time="0.019"/>
  <system-out/>
</testsuite> <!-- JavaInheritence.child -->
