<?xml version="1.0" encoding="UTF-8"?>
<!-- Generated by org.testng.reporters.JUnitReportReporter -->
<testsuite hostname="IN-5CG016FPPX" failures="0" tests="4" name="Test.parameterization" time="0.032" errors="0" timestamp="2023-10-23T10:33:20 IST" skipped="0">
  <testcase classname="Test.parameterization" name="Randamization" time="0.003"/>
  <system-out/>
  <testcase classname="Test.parameterization" name="Goods" time="0.025"/>
  <system-out/>
  <testcase classname="Test.parameterization" name="Randamization" time="0.002"/>
  <system-out/>
  <testcase classname="Test.parameterization" name="Randamization" time="0.002"/>
  <system-out/>
</testsuite> <!-- Test.parameterization -->
